mode: atomic
service-client/internal/batchservice/batchservice.go:18.58,19.37 1 5
service-client/internal/batchservice/batchservice.go:19.37,21.3 1 5
service-client/internal/batchservice/batchservice.go:24.65,25.37 1 5
service-client/internal/batchservice/batchservice.go:25.37,27.3 1 5
service-client/internal/batchservice/batchservice.go:30.79,31.37 1 0
service-client/internal/batchservice/batchservice.go:31.37,33.3 1 0
service-client/internal/batchservice/batchservice.go:45.63,52.30 2 5
service-client/internal/batchservice/batchservice.go:52.30,54.3 1 10
service-client/internal/batchservice/batchservice.go:56.2,63.3 1 5
service-client/internal/batchservice/batchservice.go:66.64,68.2 1 4
service-client/internal/batchservice/batchservice.go:70.72,74.36 3 6
service-client/internal/batchservice/batchservice.go:74.36,76.3 1 0
service-client/internal/batchservice/batchservice.go:78.2,78.55 1 6
service-client/internal/batchservice/batchservice.go:78.55,82.3 3 2
service-client/internal/batchservice/batchservice.go:84.2,86.26 2 4
service-client/internal/batchservice/batchservice.go:86.26,88.3 1 0
service-client/internal/batchservice/batchservice.go:89.2,89.12 1 4
service-client/internal/batchclient/batchclient.go:25.75,26.17 1 3
service-client/internal/batchclient/batchclient.go:26.17,39.27 5 3
service-client/internal/batchclient/batchclient.go:39.27,40.8 1 3
service-client/internal/batchclient/batchclient.go:40.8,41.12 1 40735804
service-client/internal/batchclient/batchclient.go:42.31,45.10 2 3
service-client/internal/batchclient/batchclient.go:45.10,46.49 1 15
service-client/internal/batchclient/batchclient.go:46.49,48.13 2 3
service-client/internal/batchclient/batchclient.go:51.7,54.29 3 12
service-client/internal/batchclient/batchclient.go:56.23,57.12 1 1
service-client/internal/batchclient/batchclient.go:58.13,58.13 0 40735800
service-client/internal/batchclient/batchclient.go:65.2,65.15 1 3
service-client/internal/batchclient/batchclient.go:68.81,72.16 3 15
service-client/internal/batchclient/batchclient.go:72.16,75.46 2 0
service-client/internal/batchclient/batchclient.go:75.46,77.4 1 0
service-client/internal/batchclient/batchclient.go:80.2,80.9 1 15
service-client/internal/batchclient/batchclient.go:83.84,86.12 2 5
service-client/internal/batchclient/batchclient.go:86.12,87.10 1 5
service-client/internal/batchclient/batchclient.go:88.21,90.10 2 2
service-client/internal/batchclient/batchclient.go:91.30,93.10 2 3
service-client/internal/batchclient/batchclient.go:97.2,97.13 1 5
