mode: atomic
batchservice/m/v2/batchservice.go:19.58,20.37 1 7
batchservice/m/v2/batchservice.go:20.37,22.3 1 7
batchservice/m/v2/batchservice.go:25.65,26.37 1 7
batchservice/m/v2/batchservice.go:26.37,28.3 1 7
batchservice/m/v2/batchservice.go:31.79,32.37 1 1
batchservice/m/v2/batchservice.go:32.37,34.3 1 1
batchservice/m/v2/batchservice.go:46.63,51.30 2 7
batchservice/m/v2/batchservice.go:51.30,53.3 1 15
batchservice/m/v2/batchservice.go:55.2,55.21 1 7
batchservice/m/v2/batchservice.go:55.21,57.3 1 0
batchservice/m/v2/batchservice.go:59.2,59.27 1 7
batchservice/m/v2/batchservice.go:59.27,61.3 1 0
batchservice/m/v2/batchservice.go:63.2,70.3 1 7
batchservice/m/v2/batchservice.go:73.64,75.2 1 4
batchservice/m/v2/batchservice.go:77.72,82.36 4 10
batchservice/m/v2/batchservice.go:82.36,84.3 1 1
batchservice/m/v2/batchservice.go:86.2,86.61 1 10
batchservice/m/v2/batchservice.go:86.61,90.3 3 3
batchservice/m/v2/batchservice.go:92.2,92.26 1 7
batchservice/m/v2/batchservice.go:92.26,94.3 1 1
batchservice/m/v2/batchservice.go:95.2,95.12 1 7
