mode: atomic
batchclient/m/v2/batchclient.go:27.75,41.2 5 7
batchclient/m/v2/batchclient.go:43.37,47.2 3 7
batchclient/m/v2/batchclient.go:52.39,56.6 3 7
batchclient/m/v2/batchclient.go:56.6,59.10 1 26017081
batchclient/m/v2/batchclient.go:60.30,61.4 1 15
batchclient/m/v2/batchclient.go:61.4,65.9 3 15
batchclient/m/v2/batchclient.go:65.9,66.48 1 139
batchclient/m/v2/batchclient.go:66.48,67.28 1 15
batchclient/m/v2/batchclient.go:70.6,73.46 3 124
batchclient/m/v2/batchclient.go:76.11,77.22 1 26017066
batchclient/m/v2/batchclient.go:77.22,81.5 3 9
batchclient/m/v2/batchclient.go:88.86,94.16 4 133
batchclient/m/v2/batchclient.go:94.16,97.46 2 0
batchclient/m/v2/batchclient.go:97.46,105.4 4 0
batchclient/m/v2/batchclient.go:108.2,108.15 1 133
batchclient/m/v2/batchclient.go:114.78,115.12 1 15
batchclient/m/v2/batchclient.go:115.12,121.10 2 15
batchclient/m/v2/batchclient.go:122.21,123.10 1 0
batchclient/m/v2/batchclient.go:124.27,124.27 0 15
